<?xml version="1.0" encoding="UTF-8"?>
<!-- Generated by org.testng.reporters.JUnitReportReporter -->
<testsuite hostname="whirldata-WDR-L-1019" failures="0" tests="2" name="testCases.VerifyLoginPage" time="3.827" errors="0" timestamp="2022-08-28T16:35:58 IST" skipped="0">
  <testcase classname="testCases.VerifyLoginPage" name="runLogin" time="1.898"/>
  <system-out/>
  <testcase classname="testCases.VerifyLoginPage" name="runLogin" time="1.929"/>
  <system-out/>
</testsuite> <!-- testCases.VerifyLoginPage -->
