<?xml version="1.0" encoding="UTF-8"?>
<!-- Generated by org.testng.reporters.JUnitReportReporter -->
<testsuite hostname="whirldata-WDR-L-1019" failures="0" tests="2" name="testCases.CreateLead" time="24.781" errors="0" timestamp="2022-08-28T16:35:58 IST" skipped="0">
  <testcase classname="testCases.CreateLead" name="runLogin" time="13.099"/>
  <system-out/>
  <testcase classname="testCases.CreateLead" name="runLogin" time="11.682"/>
  <system-out/>
</testsuite> <!-- testCases.CreateLead -->
